flutter_project/build/app/intermediates/manifest_merge_blame_file/debug/manifest-merger-blame-debug-report.txt
1<?xml version="1.0" encoding="utf-8"?>
2<manifest xmlns:android="http://schemas.android.com/apk/res/android"
3    package="com.suyash.guitar_store"
4    android:versionCode="1"
5    android:versionName="1.0.0" >
6
7    <uses-sdk
8        android:minSdkVersion="19"
9        android:targetSdkVersion="31" />
10    <!--
11         The INTERNET permission is required for development. Specifically,
12         the Flutter tool needs it to communicate with the running application
13         to allow setting breakpoints, to provide hot reload, etc.
14    -->
15    <uses-permission android:name="android.permission.INTERNET" />
15-->src\debug\AndroidManifest.xml:7:5-66
15-->src\debug\AndroidManifest.xml:7:22-64
16    <uses-permission android:name="android.permission.WAKE_LOCK" />
16-->[:firebase_messaging] AndroidManifest.xml:10:5-68
16-->[:firebase_messaging] AndroidManifest.xml:10:22-65
17    <uses-permission android:name="android.permission.ACCESS_NETWORK_STATE" /> <!-- Permissions options for the `notification` group -->
17-->[:firebase_messaging] AndroidManifest.xml:11:5-79
17-->[:firebase_messaging] AndroidManifest.xml:11:22-76
18    <uses-permission android:name="android.permission.POST_NOTIFICATIONS" />
18-->[:firebase_messaging] AndroidManifest.xml:13:5-77
18-->[:firebase_messaging] AndroidManifest.xml:13:22-74
19    <uses-permission android:name="android.permission.RECEIVE_BOOT_COMPLETED" />
19-->[:flutter_local_notifications] AndroidManifest.xml:9:5-81
19-->[:flutter_local_notifications] AndroidManifest.xml:9:22-78
20    <uses-permission android:name="android.permission.VIBRATE" />
20-->[:flutter_local_notifications] AndroidManifest.xml:10:5-66
20-->[:flutter_local_notifications] AndroidManifest.xml:10:22-63
21    <uses-permission android:name="android.permission.USE_FULL_SCREEN_INTENT" />
21-->[:flutter_local_notifications] AndroidManifest.xml:11:5-81
21-->[:flutter_local_notifications] AndroidManifest.xml:11:22-78
22    <uses-permission android:name="android.permission.SCHEDULE_EXACT_ALARM" /> <!-- Required by older versions of Google Play services to create IID tokens -->
22-->[:flutter_local_notifications] AndroidManifest.xml:12:5-79
22-->[:flutter_local_notifications] AndroidManifest.xml:12:22-76
23    <uses-permission android:name="com.google.android.c2dm.permission.RECEIVE" />
23-->[com.google.firebase:firebase-messaging:23.1.1] AndroidManifest.xml:28:5-82
23-->[com.google.firebase:firebase-messaging:23.1.1] AndroidManifest.xml:28:22-79
24
25    <application
26        android:name="android.app.Application"
27        android:appComponentFactory="androidx.core.app.CoreComponentFactory"
27-->[androidx.core:core:1.8.0] AndroidManifest.xml:24:18-86
28        android:debuggable="true"
29        android:icon="@mipmap/ic_launcher"
30        android:label="n_baz" >
31        <activity
32            android:name="com.example.n_baz.MainActivity"
33            android:configChanges="orientation|keyboardHidden|keyboard|screenSize|smallestScreenSize|locale|layoutDirection|fontScale|screenLayout|density|uiMode"
34            android:exported="true"
35            android:hardwareAccelerated="true"
36            android:launchMode="singleTop"
37            android:theme="@style/LaunchTheme"
38            android:windowSoftInputMode="adjustResize" >
39
40            <!--
41                 Specifies an Android theme to apply to this Activity as soon as
42                 the Android process has started. This theme is visible to the user
43                 while the Flutter UI initializes. After that, this theme continues
44                 to determine the Window background behind the Flutter UI.
45            -->
46            <meta-data
47                android:name="io.flutter.embedding.android.NormalTheme"
48                android:resource="@style/NormalTheme" />
49
50            <intent-filter>
51                <action android:name="android.intent.action.MAIN" />
52
53                <category android:name="android.intent.category.LAUNCHER" />
54            </intent-filter>
55        </activity>
56        <!--
57             Don't delete the meta-data below.
58             This is used by the Flutter tool to generate GeneratedPluginRegistrant.java
59        -->
60        <meta-data
61            android:name="flutterEmbedding"
62            android:value="2" />
63
64        <service
64-->[:firebase_auth] AndroidManifest.xml:10:9-14:19
65            android:name="com.google.firebase.components.ComponentDiscoveryService"
65-->[:firebase_auth] AndroidManifest.xml:10:18-89
66            android:directBootAware="true"
66-->[com.google.firebase:firebase-common:20.2.0] AndroidManifest.xml:34:13-43
67            android:exported="false" >
67-->[com.google.firebase:firebase-messaging:23.1.1] AndroidManifest.xml:54:13-37
68            <meta-data
68-->[:firebase_auth] AndroidManifest.xml:11:13-13:85
69                android:name="com.google.firebase.components:io.flutter.plugins.firebase.auth.FlutterFirebaseAuthRegistrar"
69-->[:firebase_auth] AndroidManifest.xml:12:17-124
70                android:value="com.google.firebase.components.ComponentRegistrar" />
70-->[:firebase_auth] AndroidManifest.xml:13:17-82
71            <meta-data
71-->[:firebase_storage] AndroidManifest.xml:11:13-13:85
72                android:name="com.google.firebase.components:io.flutter.plugins.firebase.storage.FlutterFirebaseAppRegistrar"
72-->[:firebase_storage] AndroidManifest.xml:12:17-126
73                android:value="com.google.firebase.components.ComponentRegistrar" />
73-->[:firebase_storage] AndroidManifest.xml:13:17-82
74            <meta-data
74-->[:cloud_firestore] AndroidManifest.xml:11:13-13:85
75                android:name="com.google.firebase.components:io.flutter.plugins.firebase.firestore.FlutterFirebaseFirestoreRegistrar"
75-->[:cloud_firestore] AndroidManifest.xml:12:17-134
76                android:value="com.google.firebase.components.ComponentRegistrar" />
76-->[:cloud_firestore] AndroidManifest.xml:13:17-82
77            <meta-data
77-->[:firebase_messaging] AndroidManifest.xml:38:13-40:85
78                android:name="com.google.firebase.components:io.flutter.plugins.firebase.messaging.FlutterFirebaseAppRegistrar"
78-->[:firebase_messaging] AndroidManifest.xml:39:17-128
79                android:value="com.google.firebase.components.ComponentRegistrar" />
79-->[:firebase_messaging] AndroidManifest.xml:40:17-82
80            <meta-data
80-->[:firebase_core] AndroidManifest.xml:11:13-13:85
81                android:name="com.google.firebase.components:io.flutter.plugins.firebase.core.FlutterFirebaseCoreRegistrar"
81-->[:firebase_core] AndroidManifest.xml:12:17-124
82                android:value="com.google.firebase.components.ComponentRegistrar" />
82-->[:firebase_core] AndroidManifest.xml:13:17-82
83            <meta-data
83-->[com.google.firebase:firebase-messaging:23.1.1] AndroidManifest.xml:55:13-57:85
84                android:name="com.google.firebase.components:com.google.firebase.messaging.FirebaseMessagingRegistrar"
84-->[com.google.firebase:firebase-messaging:23.1.1] AndroidManifest.xml:56:17-119
85                android:value="com.google.firebase.components.ComponentRegistrar" />
85-->[com.google.firebase:firebase-messaging:23.1.1] AndroidManifest.xml:57:17-82
86            <meta-data
86-->[com.google.firebase:firebase-datatransport:18.1.7] AndroidManifest.xml:27:13-29:85
87                android:name="com.google.firebase.components:com.google.firebase.datatransport.TransportRegistrar"
87-->[com.google.firebase:firebase-datatransport:18.1.7] AndroidManifest.xml:28:17-115
88                android:value="com.google.firebase.components.ComponentRegistrar" />
88-->[com.google.firebase:firebase-datatransport:18.1.7] AndroidManifest.xml:29:17-82
89            <meta-data
89-->[com.google.firebase:firebase-auth:21.1.0] AndroidManifest.xml:67:13-69:85
90                android:name="com.google.firebase.components:com.google.firebase.auth.FirebaseAuthRegistrar"
90-->[com.google.firebase:firebase-auth:21.1.0] AndroidManifest.xml:68:17-109
91                android:value="com.google.firebase.components.ComponentRegistrar" />
91-->[com.google.firebase:firebase-auth:21.1.0] AndroidManifest.xml:69:17-82
92            <meta-data
92-->[com.google.firebase:firebase-firestore:24.4.1] AndroidManifest.xml:19:13-21:85
93                android:name="com.google.firebase.components:com.google.firebase.firestore.FirestoreRegistrar"
93-->[com.google.firebase:firebase-firestore:24.4.1] AndroidManifest.xml:20:17-111
94                android:value="com.google.firebase.components.ComponentRegistrar" />
94-->[com.google.firebase:firebase-firestore:24.4.1] AndroidManifest.xml:21:17-82
95            <meta-data
95-->[com.google.firebase:firebase-storage:20.1.0] AndroidManifest.xml:32:13-34:85
96                android:name="com.google.firebase.components:com.google.firebase.storage.StorageRegistrar"
96-->[com.google.firebase:firebase-storage:20.1.0] AndroidManifest.xml:33:17-107
97                android:value="com.google.firebase.components.ComponentRegistrar" />
97-->[com.google.firebase:firebase-storage:20.1.0] AndroidManifest.xml:34:17-82
98            <meta-data
98-->[com.google.firebase:firebase-iid:21.1.0] AndroidManifest.xml:32:13-34:85
99                android:name="com.google.firebase.components:com.google.firebase.iid.Registrar"
99-->[com.google.firebase:firebase-iid:21.1.0] AndroidManifest.xml:33:17-96
100                android:value="com.google.firebase.components.ComponentRegistrar" />
100-->[com.google.firebase:firebase-iid:21.1.0] AndroidManifest.xml:34:17-82
101            <meta-data
101-->[com.google.firebase:firebase-installations:17.1.0] AndroidManifest.xml:17:13-19:85
102                android:name="com.google.firebase.components:com.google.firebase.installations.FirebaseInstallationsRegistrar"
102-->[com.google.firebase:firebase-installations:17.1.0] AndroidManifest.xml:18:17-127
103                android:value="com.google.firebase.components.ComponentRegistrar" />
103-->[com.google.firebase:firebase-installations:17.1.0] AndroidManifest.xml:19:17-82
104        </service>
105        <service
105-->[:firebase_messaging] AndroidManifest.xml:16:9-19:72
106            android:name="io.flutter.plugins.firebase.messaging.FlutterFirebaseMessagingBackgroundService"
106-->[:firebase_messaging] AndroidManifest.xml:17:13-107
107            android:exported="false"
107-->[:firebase_messaging] AndroidManifest.xml:18:13-37
108            android:permission="android.permission.BIND_JOB_SERVICE" />
108-->[:firebase_messaging] AndroidManifest.xml:19:13-69
109        <service
109-->[:firebase_messaging] AndroidManifest.xml:20:9-26:19
110            android:name="io.flutter.plugins.firebase.messaging.FlutterFirebaseMessagingService"
110-->[:firebase_messaging] AndroidManifest.xml:21:13-97
111            android:exported="false" >
111-->[:firebase_messaging] AndroidManifest.xml:22:13-37
112            <intent-filter>
112-->[:firebase_messaging] AndroidManifest.xml:23:13-25:29
113                <action android:name="com.google.firebase.MESSAGING_EVENT" />
113-->[:firebase_messaging] AndroidManifest.xml:24:17-78
113-->[:firebase_messaging] AndroidManifest.xml:24:25-75
114            </intent-filter>
115        </service>
116
117        <receiver
117-->[:firebase_messaging] AndroidManifest.xml:28:9-35:20
118            android:name="io.flutter.plugins.firebase.messaging.FlutterFirebaseMessagingReceiver"
118-->[:firebase_messaging] AndroidManifest.xml:29:13-98
119            android:exported="true"
119-->[:firebase_messaging] AndroidManifest.xml:30:13-36
120            android:permission="com.google.android.c2dm.permission.SEND" >
120-->[:firebase_messaging] AndroidManifest.xml:31:13-73
121            <intent-filter>
121-->[:firebase_messaging] AndroidManifest.xml:32:13-34:29
122                <action android:name="com.google.android.c2dm.intent.RECEIVE" />
122-->[:firebase_messaging] AndroidManifest.xml:33:17-81
122-->[:firebase_messaging] AndroidManifest.xml:33:25-78
123            </intent-filter>
124        </receiver>
125
126        <provider
126-->[:firebase_messaging] AndroidManifest.xml:43:9-47:38
127            android:name="io.flutter.plugins.firebase.messaging.FlutterFirebaseMessagingInitProvider"
127-->[:firebase_messaging] AndroidManifest.xml:44:13-102
128            android:authorities="com.suyash.guitar_store.flutterfirebasemessaginginitprovider"
128-->[:firebase_messaging] AndroidManifest.xml:45:13-88
129            android:exported="false"
129-->[:firebase_messaging] AndroidManifest.xml:46:13-37
130            android:initOrder="99" />
130-->[:firebase_messaging] AndroidManifest.xml:47:13-35
131        <provider
131-->[:image_picker_android] AndroidManifest.xml:10:9-18:20
132            android:name="io.flutter.plugins.imagepicker.ImagePickerFileProvider"
132-->[:image_picker_android] AndroidManifest.xml:11:13-82
133            android:authorities="com.suyash.guitar_store.flutter.image_provider"
133-->[:image_picker_android] AndroidManifest.xml:12:13-74
134            android:exported="false"
134-->[:image_picker_android] AndroidManifest.xml:13:13-37
135            android:grantUriPermissions="true" >
135-->[:image_picker_android] AndroidManifest.xml:14:13-47
136            <meta-data
136-->[:image_picker_android] AndroidManifest.xml:15:13-17:75
137                android:name="android.support.FILE_PROVIDER_PATHS"
137-->[:image_picker_android] AndroidManifest.xml:16:17-67
138                android:resource="@xml/flutter_image_picker_file_paths" />
138-->[:image_picker_android] AndroidManifest.xml:17:17-72
139        </provider>
140
141        <receiver
141-->[:flutter_local_notifications] AndroidManifest.xml:16:9-18:40
142            android:name="com.dexterous.flutterlocalnotifications.ActionBroadcastReceiver"
142-->[:flutter_local_notifications] AndroidManifest.xml:17:13-91
143            android:exported="false" />
143-->[:flutter_local_notifications] AndroidManifest.xml:18:13-37
144        <receiver
144-->[:flutter_local_notifications] AndroidManifest.xml:19:9-21:40
145            android:name="com.dexterous.flutterlocalnotifications.ScheduledNotificationReceiver"
145-->[:flutter_local_notifications] AndroidManifest.xml:20:13-97
146            android:exported="false" />
146-->[:flutter_local_notifications] AndroidManifest.xml:21:13-37
147        <receiver
147-->[:flutter_local_notifications] AndroidManifest.xml:22:9-31:20
148            android:name="com.dexterous.flutterlocalnotifications.ScheduledNotificationBootReceiver"
148-->[:flutter_local_notifications] AndroidManifest.xml:23:13-101
149            android:exported="false" >
149-->[:flutter_local_notifications] AndroidManifest.xml:24:13-37
150            <intent-filter>
150-->[:flutter_local_notifications] AndroidManifest.xml:25:13-30:29
151                <action android:name="android.intent.action.BOOT_COMPLETED" />
151-->[:flutter_local_notifications] AndroidManifest.xml:26:17-79
151-->[:flutter_local_notifications] AndroidManifest.xml:26:25-76
152                <action android:name="android.intent.action.MY_PACKAGE_REPLACED" />
152-->[:flutter_local_notifications] AndroidManifest.xml:27:17-84
152-->[:flutter_local_notifications] AndroidManifest.xml:27:25-81
153                <action android:name="android.intent.action.QUICKBOOT_POWERON" />
153-->[:flutter_local_notifications] AndroidManifest.xml:28:17-82
153-->[:flutter_local_notifications] AndroidManifest.xml:28:25-79
154                <action android:name="com.htc.intent.action.QUICKBOOT_POWERON" />
154-->[:flutter_local_notifications] AndroidManifest.xml:29:17-82
154-->[:flutter_local_notifications] AndroidManifest.xml:29:25-79
155            </intent-filter>
156        </receiver>
157
158        <uses-library
158-->[androidx.window:window:1.0.0-beta04] AndroidManifest.xml:25:9-27:40
159            android:name="androidx.window.extensions"
159-->[androidx.window:window:1.0.0-beta04] AndroidManifest.xml:26:13-54
160            android:required="false" />
160-->[androidx.window:window:1.0.0-beta04] AndroidManifest.xml:27:13-37
161        <uses-library
161-->[androidx.window:window:1.0.0-beta04] AndroidManifest.xml:28:9-30:40
162            android:name="androidx.window.sidecar"
162-->[androidx.window:window:1.0.0-beta04] AndroidManifest.xml:29:13-51
163            android:required="false" />
163-->[androidx.window:window:1.0.0-beta04] AndroidManifest.xml:30:13-37
164
165        <receiver
165-->[com.google.firebase:firebase-messaging:23.1.1] AndroidManifest.xml:31:9-38:20
166            android:name="com.google.firebase.iid.FirebaseInstanceIdReceiver"
166-->[com.google.firebase:firebase-messaging:23.1.1] AndroidManifest.xml:32:13-78
167            android:exported="true"
167-->[com.google.firebase:firebase-messaging:23.1.1] AndroidManifest.xml:33:13-36
168            android:permission="com.google.android.c2dm.permission.SEND" >
168-->[com.google.firebase:firebase-messaging:23.1.1] AndroidManifest.xml:34:13-73
169            <intent-filter>
169-->[:firebase_messaging] AndroidManifest.xml:32:13-34:29
170                <action android:name="com.google.android.c2dm.intent.RECEIVE" />
170-->[:firebase_messaging] AndroidManifest.xml:33:17-81
170-->[:firebase_messaging] AndroidManifest.xml:33:25-78
171            </intent-filter>
172        </receiver>
173        <!--
174             FirebaseMessagingService performs security checks at runtime,
175             but set to not exported to explicitly avoid allowing another app to call it.
176        -->
177        <service
177-->[com.google.firebase:firebase-messaging:23.1.1] AndroidManifest.xml:44:9-51:19
178            android:name="com.google.firebase.messaging.FirebaseMessagingService"
178-->[com.google.firebase:firebase-messaging:23.1.1] AndroidManifest.xml:45:13-82
179            android:directBootAware="true"
179-->[com.google.firebase:firebase-messaging:23.1.1] AndroidManifest.xml:46:13-43
180            android:exported="false" >
180-->[com.google.firebase:firebase-messaging:23.1.1] AndroidManifest.xml:47:13-37
181            <intent-filter android:priority="-500" >
181-->[:firebase_messaging] AndroidManifest.xml:23:13-25:29
182                <action android:name="com.google.firebase.MESSAGING_EVENT" />
182-->[:firebase_messaging] AndroidManifest.xml:24:17-78
182-->[:firebase_messaging] AndroidManifest.xml:24:25-75
183            </intent-filter>
184        </service>
185        <service
185-->[com.google.android.datatransport:transport-backend-cct:3.1.8] AndroidManifest.xml:28:9-34:19
186            android:name="com.google.android.datatransport.runtime.backends.TransportBackendDiscovery"
186-->[com.google.android.datatransport:transport-backend-cct:3.1.8] AndroidManifest.xml:29:13-103
187            android:exported="false" >
187-->[com.google.android.datatransport:transport-backend-cct:3.1.8] AndroidManifest.xml:30:13-37
188            <meta-data
188-->[com.google.android.datatransport:transport-backend-cct:3.1.8] AndroidManifest.xml:31:13-33:39
189                android:name="backend:com.google.android.datatransport.cct.CctBackendFactory"
189-->[com.google.android.datatransport:transport-backend-cct:3.1.8] AndroidManifest.xml:32:17-94
190                android:value="cct" />
190-->[com.google.android.datatransport:transport-backend-cct:3.1.8] AndroidManifest.xml:33:17-36
191        </service>
192        <service
192-->[com.google.android.datatransport:transport-runtime:3.1.8] AndroidManifest.xml:26:9-30:19
193            android:name="com.google.android.datatransport.runtime.scheduling.jobscheduling.JobInfoSchedulerService"
193-->[com.google.android.datatransport:transport-runtime:3.1.8] AndroidManifest.xml:27:13-117
194            android:exported="false"
194-->[com.google.android.datatransport:transport-runtime:3.1.8] AndroidManifest.xml:28:13-37
195            android:permission="android.permission.BIND_JOB_SERVICE" >
195-->[com.google.android.datatransport:transport-runtime:3.1.8] AndroidManifest.xml:29:13-69
196        </service>
197
198        <receiver
198-->[com.google.android.datatransport:transport-runtime:3.1.8] AndroidManifest.xml:32:9-34:40
199            android:name="com.google.android.datatransport.runtime.scheduling.jobscheduling.AlarmManagerSchedulerBroadcastReceiver"
199-->[com.google.android.datatransport:transport-runtime:3.1.8] AndroidManifest.xml:33:13-132
200            android:exported="false" />
200-->[com.google.android.datatransport:transport-runtime:3.1.8] AndroidManifest.xml:34:13-37
201
202        <activity
202-->[com.google.firebase:firebase-auth:21.1.0] AndroidManifest.xml:27:9-44:20
203            android:name="com.google.firebase.auth.internal.GenericIdpActivity"
203-->[com.google.firebase:firebase-auth:21.1.0] AndroidManifest.xml:28:13-80
204            android:excludeFromRecents="true"
204-->[com.google.firebase:firebase-auth:21.1.0] AndroidManifest.xml:29:13-46
205            android:exported="true"
205-->[com.google.firebase:firebase-auth:21.1.0] AndroidManifest.xml:30:13-36
206            android:launchMode="singleTask"
206-->[com.google.firebase:firebase-auth:21.1.0] AndroidManifest.xml:31:13-44
207            android:theme="@android:style/Theme.Translucent.NoTitleBar" >
207-->[com.google.firebase:firebase-auth:21.1.0] AndroidManifest.xml:32:13-72
208            <intent-filter>
208-->[com.google.firebase:firebase-auth:21.1.0] AndroidManifest.xml:33:13-43:29
209                <action android:name="android.intent.action.VIEW" />
209-->[com.google.firebase:firebase-auth:21.1.0] AndroidManifest.xml:34:17-69
209-->[com.google.firebase:firebase-auth:21.1.0] AndroidManifest.xml:34:25-66
210
211                <category android:name="android.intent.category.DEFAULT" />
211-->[com.google.firebase:firebase-auth:21.1.0] AndroidManifest.xml:36:17-76
211-->[com.google.firebase:firebase-auth:21.1.0] AndroidManifest.xml:36:27-73
212                <category android:name="android.intent.category.BROWSABLE" />
212-->[com.google.firebase:firebase-auth:21.1.0] AndroidManifest.xml:37:17-78
212-->[com.google.firebase:firebase-auth:21.1.0] AndroidManifest.xml:37:27-75
213
214                <data
214-->[com.google.firebase:firebase-auth:21.1.0] AndroidManifest.xml:39:17-42:51
215                    android:host="firebase.auth"
215-->[com.google.firebase:firebase-auth:21.1.0] AndroidManifest.xml:40:21-49
216                    android:path="/"
216-->[com.google.firebase:firebase-auth:21.1.0] AndroidManifest.xml:41:21-37
217                    android:scheme="genericidp" />
217-->[com.google.firebase:firebase-auth:21.1.0] AndroidManifest.xml:42:21-48
218            </intent-filter>
219        </activity>
220        <activity
220-->[com.google.firebase:firebase-auth:21.1.0] AndroidManifest.xml:45:9-62:20
221            android:name="com.google.firebase.auth.internal.RecaptchaActivity"
221-->[com.google.firebase:firebase-auth:21.1.0] AndroidManifest.xml:46:13-79
222            android:excludeFromRecents="true"
222-->[com.google.firebase:firebase-auth:21.1.0] AndroidManifest.xml:47:13-46
223            android:exported="true"
223-->[com.google.firebase:firebase-auth:21.1.0] AndroidManifest.xml:48:13-36
224            android:launchMode="singleTask"
224-->[com.google.firebase:firebase-auth:21.1.0] AndroidManifest.xml:49:13-44
225            android:theme="@android:style/Theme.Translucent.NoTitleBar" >
225-->[com.google.firebase:firebase-auth:21.1.0] AndroidManifest.xml:50:13-72
226            <intent-filter>
226-->[com.google.firebase:firebase-auth:21.1.0] AndroidManifest.xml:51:13-61:29
227                <action android:name="android.intent.action.VIEW" />
227-->[com.google.firebase:firebase-auth:21.1.0] AndroidManifest.xml:34:17-69
227-->[com.google.firebase:firebase-auth:21.1.0] AndroidManifest.xml:34:25-66
228
229                <category android:name="android.intent.category.DEFAULT" />
229-->[com.google.firebase:firebase-auth:21.1.0] AndroidManifest.xml:36:17-76
229-->[com.google.firebase:firebase-auth:21.1.0] AndroidManifest.xml:36:27-73
230                <category android:name="android.intent.category.BROWSABLE" />
230-->[com.google.firebase:firebase-auth:21.1.0] AndroidManifest.xml:37:17-78
230-->[com.google.firebase:firebase-auth:21.1.0] AndroidManifest.xml:37:27-75
231
232                <data
232-->[com.google.firebase:firebase-auth:21.1.0] AndroidManifest.xml:39:17-42:51
233                    android:host="firebase.auth"
233-->[com.google.firebase:firebase-auth:21.1.0] AndroidManifest.xml:40:21-49
234                    android:path="/"
234-->[com.google.firebase:firebase-auth:21.1.0] AndroidManifest.xml:41:21-37
235                    android:scheme="recaptcha" />
235-->[com.google.firebase:firebase-auth:21.1.0] AndroidManifest.xml:42:21-48
236            </intent-filter>
237        </activity>
238
239        <provider
239-->[com.google.firebase:firebase-common:20.2.0] AndroidManifest.xml:25:9-30:39
240            android:name="com.google.firebase.provider.FirebaseInitProvider"
240-->[com.google.firebase:firebase-common:20.2.0] AndroidManifest.xml:26:13-77
241            android:authorities="com.suyash.guitar_store.firebaseinitprovider"
241-->[com.google.firebase:firebase-common:20.2.0] AndroidManifest.xml:27:13-72
242            android:directBootAware="true"
242-->[com.google.firebase:firebase-common:20.2.0] AndroidManifest.xml:28:13-43
243            android:exported="false"
243-->[com.google.firebase:firebase-common:20.2.0] AndroidManifest.xml:29:13-37
244            android:initOrder="100" />
244-->[com.google.firebase:firebase-common:20.2.0] AndroidManifest.xml:30:13-36
245
246        <activity
246-->[com.google.android.gms:play-services-base:18.0.1] AndroidManifest.xml:20:9-22:45
247            android:name="com.google.android.gms.common.api.GoogleApiActivity"
247-->[com.google.android.gms:play-services-base:18.0.1] AndroidManifest.xml:20:19-85
248            android:exported="false"
248-->[com.google.android.gms:play-services-base:18.0.1] AndroidManifest.xml:22:19-43
249            android:theme="@android:style/Theme.Translucent.NoTitleBar" />
249-->[com.google.android.gms:play-services-base:18.0.1] AndroidManifest.xml:21:19-78
250
251        <meta-data
251-->[com.google.android.gms:play-services-basement:18.1.0] AndroidManifest.xml:21:9-23:69
252            android:name="com.google.android.gms.version"
252-->[com.google.android.gms:play-services-basement:18.1.0] AndroidManifest.xml:22:13-58
253            android:value="@integer/google_play_services_version" />
253-->[com.google.android.gms:play-services-basement:18.1.0] AndroidManifest.xml:23:13-66
254    </application>
255
256</manifest>